<?xml version="1.0" encoding="UTF-8"?>
<!-- Generated by org.testng.reporters.JUnitXMLReporter -->
<testsuite hostname="1734021-C02SNGCAG8WN" name="DAP_API Tests" tests="3" failures="3" timestamp="27 Jan 2017 10:46:41 GMT" time="4.146" errors="0">
  <testcase name="searchby_AssetId" time="3.741" classname="com.ge.DAP.APItestscipts.SearchApi">
    <failure type="java.lang.AssertionError" message="Oops!!!! Actual and Expected values doesnt match 400 206 expected [206] but found [400]">
      <![CDATA[java.lang.AssertionError: Oops!!!! Actual and Expected values doesnt match 400 206 expected [206] but found [400]
	at com.ge.DAP.actionEngines.ApiHanddler.validate_equal(ApiHanddler.java:224)
	at com.ge.DAP.APItestscipts.SearchApi.searchby_AssetId(SearchApi.java:45)
... Removed 28 stack frames]]>
    </failure>
  </testcase> <!-- searchby_AssetId -->
  <testcase name="searchby_AssetId" time="0.002" classname="com.ge.DAP.APItestscipts.SearchApi">
    <failure type="java.lang.IllegalStateException" message="Invalid use of BasicClientConnManager: connection still allocated.
Make sure to release the connection before allocating another one.">
      <![CDATA[java.lang.IllegalStateException: Invalid use of BasicClientConnManager: connection still allocated.
Make sure to release the connection before allocating another one.
	at org.apache.http.util.Asserts.check(Asserts.java:34)
	at org.apache.http.impl.conn.BasicClientConnectionManager.getConnection(BasicClientConnectionManager.java:166)
	at org.apache.http.impl.conn.BasicClientConnectionManager$1.getConnection(BasicClientConnectionManager.java:148)
	at org.apache.http.impl.client.DefaultRequestDirector.execute(DefaultRequestDirector.java:424)
	at org.apache.http.impl.client.AbstractHttpClient.doExecute(AbstractHttpClient.java:884)
	at org.apache.http.impl.client.CloseableHttpClient.execute(CloseableHttpClient.java:82)
	at org.apache.http.impl.client.CloseableHttpClient.execute(CloseableHttpClient.java:107)
	at org.apache.http.impl.client.CloseableHttpClient.execute(CloseableHttpClient.java:55)
	at com.ge.DAP.actionEngines.ApiHanddler.post_api(ApiHanddler.java:107)
	at com.ge.DAP.actionEngines.ApiHanddler.fetch_access_token(ApiHanddler.java:173)
	at com.ge.DAP.APItestscipts.SearchApi.searchby_AssetId(SearchApi.java:39)
... Removed 24 stack frames]]>
    </failure>
  </testcase> <!-- searchby_AssetId -->
  <testcase name="searchby_AssetId" time="0.002" classname="com.ge.DAP.APItestscipts.SearchApi">
    <failure type="java.lang.IllegalStateException" message="Invalid use of BasicClientConnManager: connection still allocated.
Make sure to release the connection before allocating another one.">
      <![CDATA[java.lang.IllegalStateException: Invalid use of BasicClientConnManager: connection still allocated.
Make sure to release the connection before allocating another one.
	at org.apache.http.util.Asserts.check(Asserts.java:34)
	at org.apache.http.impl.conn.BasicClientConnectionManager.getConnection(BasicClientConnectionManager.java:166)
	at org.apache.http.impl.conn.BasicClientConnectionManager$1.getConnection(BasicClientConnectionManager.java:148)
	at org.apache.http.impl.client.DefaultRequestDirector.execute(DefaultRequestDirector.java:424)
	at org.apache.http.impl.client.AbstractHttpClient.doExecute(AbstractHttpClient.java:884)
	at org.apache.http.impl.client.CloseableHttpClient.execute(CloseableHttpClient.java:82)
	at org.apache.http.impl.client.CloseableHttpClient.execute(CloseableHttpClient.java:107)
	at org.apache.http.impl.client.CloseableHttpClient.execute(CloseableHttpClient.java:55)
	at com.ge.DAP.actionEngines.ApiHanddler.post_api(ApiHanddler.java:107)
	at com.ge.DAP.actionEngines.ApiHanddler.fetch_access_token(ApiHanddler.java:173)
	at com.ge.DAP.APItestscipts.SearchApi.searchby_AssetId(SearchApi.java:39)
... Removed 24 stack frames]]>
    </failure>
  </testcase> <!-- searchby_AssetId -->
</testsuite> <!-- DAP_API Tests -->
