<?xml version="1.0" encoding="UTF-8"?>
<!-- Generated by org.testng.reporters.JUnitXMLReporter -->
<testsuite hostname="1734021-C02SNGCAG8WN" name="Test" tests="2" failures="2" timestamp="1 Feb 2017 09:42:19 GMT" time="47.329" errors="0">
  <testcase name="verifySSOLogin" time="0.007" classname="com.ge.DAP.UItestscipts.FirstTest">
    <failure type="java.lang.RuntimeException" message="We have not instantiated the driver.">
      <![CDATA[java.lang.RuntimeException: We have not instantiated the driver.
	at com.ge.DAP.actionEngines.InitiateDriver.getDriver(InitiateDriver.java:75)
	at com.ge.DAP.UItestscipts.FirstTest.verifySSOLogin(FirstTest.java:16)
... Removed 24 stack frames]]>
    </failure>
  </testcase> <!-- verifySSOLogin -->
  <testcase name="verifySSOLogout" time="0.002" classname="com.ge.DAP.UItestscipts.FirstTest">
    <failure type="java.lang.RuntimeException" message="We have not instantiated the driver.">
      <![CDATA[java.lang.RuntimeException: We have not instantiated the driver.
	at com.ge.DAP.actionEngines.InitiateDriver.getDriver(InitiateDriver.java:75)
	at com.ge.DAP.UItestscipts.FirstTest.verifySSOLogout(FirstTest.java:32)
... Removed 24 stack frames]]>
    </failure>
  </testcase> <!-- verifySSOLogout -->
</testsuite> <!-- Test -->
